<?xml version="1.0" encoding="UTF-8"?>
<!-- Generated by org.testng.reporters.JUnitReportReporter -->
<testsuite skipped="0" hostname="DESKTOP-CCINOF5" name="com.validlog.test.SendDetailsTest" tests="1" failures="0" timestamp="24 Sep 2020 10:52:29 GMT" time="19.951" errors="0">
  <testcase name="check" time="19.951" classname="com.validlog.test.SendDetailsTest"/>
</testsuite> <!-- com.validlog.test.SendDetailsTest -->
