<?xml version="1.0" encoding="UTF-8"?>
<!-- Generated by org.testng.reporters.JUnitReportReporter -->
<testsuite skipped="0" hostname="DESKTOP-CCINOF5" name="test.Test1" tests="1" failures="0" timestamp="24 Sep 2020 08:44:44 GMT" time="39.214" errors="0">
  <testcase name="test" time="39.214" classname="test.Test1"/>
</testsuite> <!-- test.Test1 -->
